{"level":"error","message":"Este es un mensaje error","timestamp":"2025-03-09T16:57:41.215Z"}
{"level":"error","message":"Este es un mensaje error","timestamp":"2025-03-09T16:59:01.651Z"}
{"level":"error","message":"Este es un mensaje error","timestamp":"2025-03-09T17:10:47.733Z"}
{"level":"error","message":"Error al generar o insertar los datosUsers validation failed: last_name: Path `last_name` is required., first_name: Path `first_name` is required.","timestamp":"2025-03-09T17:29:01.646Z"}
{"level":"error","message":"Este es un mensaje error","timestamp":"2025-03-09T17:41:09.568Z"}
{"level":"error","message":"Este es un mensaje error","timestamp":"2025-03-09T17:55:16.247Z"}
{"level":"error","message":"Este es un mensaje error","timestamp":"2025-03-09T17:58:44.370Z"}
{"level":"error","message":"Este es un mensaje error","timestamp":"2025-03-09T18:00:25.216Z"}
{"level":"error","message":"Este es un mensaje error","timestamp":"2025-03-09T18:06:15.047Z"}
{"level":"error","message":"Este es un mensaje error","timestamp":"2025-03-09T18:06:21.132Z"}
{"level":"error","message":"Este es un mensaje error","timestamp":"2025-03-09T18:11:39.186Z"}
{"level":"error","message":"Este es un mensaje error","timestamp":"2025-03-09T18:13:55.927Z"}
{"level":"error","message":"Este es un mensaje error","timestamp":"2025-03-09T18:14:32.759Z"}
{"level":"fatal","message":"Este es un mensaje fatal","timestamp":"2025-03-09T18:14:32.760Z"}
{"level":"error","message":"Este es un mensaje error","timestamp":"2025-03-17T23:39:47.354Z"}
{"level":"fatal","message":"Este es un mensaje fatal","timestamp":"2025-03-17T23:39:47.355Z"}
{"level":"error","timestamp":"2025-04-11T21:51:47.689Z"}
{"level":"error","timestamp":"2025-04-11T21:54:37.476Z"}
{"level":"error","timestamp":"2025-04-11T21:54:58.898Z"}
{"body":"{\r\n    \"firstName\":\"Ezequiel\" ,\r\n    \"email\": \"pikitiamo@holi.com\",\r\n}","expose":true,"level":"error","status":400,"statusCode":400,"timestamp":"2025-04-11T23:11:38.001Z","type":"entity.parse.failed"}
{"body":"{\r\n    \"firstName\":\"Ezequiel\" ,\r\n    \"lastName\":\"\",\r\n    \"email\": \"pikitiamo@holi.com\",\r\n    \"password\":\r\n}","expose":true,"level":"error","status":400,"statusCode":400,"timestamp":"2025-04-11T23:33:54.897Z","type":"entity.parse.failed"}
{"level":"error","message":"Este es un mensaje error","timestamp":"2025-04-17T14:47:34.978Z"}
{"level":"fatal","message":"Este es un mensaje fatal","timestamp":"2025-04-17T14:47:34.978Z"}
